<?xml version="1.0" encoding="UTF-8"?>
<!-- Generated by org.testng.reporters.JUnitXMLReporter -->
<testsuite ignored="0" hostname="JustPC" failures="0" tests="3" name="Default test" time="1.17" errors="0" timestamp="2020-11-12T15:13:46 EST">
  <testcase classname="pack1.DataDriven1" name="test_DELETE" time="1.099"/>
  <testcase classname="pack1.DataDriven1" name="test_DELETE" time="0.021"/>
  <testcase classname="pack1.DataDriven1" name="test_DELETE" time="0.017"/>
</testsuite> <!-- Default test -->
