<?xml version="1.0" encoding="UTF-8"?>
<testng-results ignored="0" total="1" passed="1" failed="0" skipped="0">
  <reporter-output>
  </reporter-output>
  <suite started-at="2020-11-12T14:32:48 EST" name="Default suite" finished-at="2020-11-12T14:32:49 EST" duration-ms="1104">
    <groups>
    </groups>
    <test started-at="2020-11-12T14:32:48 EST" name="Default test" finished-at="2020-11-12T14:32:49 EST" duration-ms="1104">
      <class name="pack1.Examples">
        <test-method signature="test_DELETE()[pri:0, instance:pack1.Examples@4ef37659]" started-at="2020-11-12T14:32:48 EST" name="test_DELETE" finished-at="2020-11-12T14:32:49 EST" duration-ms="1075" status="PASS">
          <reporter-output>
          </reporter-output>
        </test-method> <!-- test_DELETE -->
      </class> <!-- pack1.Examples -->
    </test> <!-- Default test -->
  </suite> <!-- Default suite -->
</testng-results>
