<?xml version="1.0" encoding="UTF-8"?>
<testng-results ignored="0" total="1" passed="1" failed="0" skipped="0">
  <reporter-output>
  </reporter-output>
  <suite started-at="2020-11-12T13:03:54 EST" name="Default suite" finished-at="2020-11-12T13:03:55 EST" duration-ms="1651">
    <groups>
    </groups>
    <test started-at="2020-11-12T13:03:54 EST" name="Default test" finished-at="2020-11-12T13:03:55 EST" duration-ms="1651">
      <class name="pack1.Tests_POST">
        <test-method signature="test_4_DELETE()[pri:0, instance:pack1.Tests_POST@44a7bfbc]" started-at="2020-11-12T13:03:54 EST" name="test_4_DELETE" finished-at="2020-11-12T13:03:55 EST" duration-ms="1621" status="PASS">
          <reporter-output>
          </reporter-output>
        </test-method> <!-- test_4_DELETE -->
      </class> <!-- pack1.Tests_POST -->
    </test> <!-- Default test -->
  </suite> <!-- Default suite -->
</testng-results>
